This is pdfTeX, Version 3.141592653-2.6-1.40.22 (TeX Live 2021/W32TeX) (preloaded format=pdflatex 2021.5.3)  23 JUN 2021 23:47
entering extended mode
 restricted \write18 enabled.
 file:line:error style messages enabled.
 %&-line parsing enabled.
**d:/code/tmp/proposal/proposal
(d:/code/tmp/proposal/proposal.tex
LaTeX2e <2020-10-01> patch level 4
L3 programming layer <2021-02-18> (d:/alt program files/texlive/2021/texmf-dist/tex/latex/extsizes/extarticle.cls
Document Class: extarticle 1996/10/08 v1.0 Non Standard LaTeX document class
(d:/alt program files/texlive/2021/texmf-dist/tex/latex/base/size12.clo
File: size12.clo 2020/04/10 v1.4m Standard LaTeX file (size option)
) (d:/alt program files/texlive/2021/texmf-dist/tex/latex/base/exscale.sty
Package: exscale 2018/09/24 v2.1i Standard LaTeX package exscale
LaTeX Font Info:    Redeclaring symbol font `largesymbols' on input line 57.
LaTeX Font Info:    Overwriting symbol font `largesymbols' in version `normal'
(Font)                  OMX/cmex/m/n --> OMX/cmex/m/n on input line 57.
LaTeX Font Info:    Overwriting symbol font `largesymbols' in version `bold'
(Font)                  OMX/cmex/m/n --> OMX/cmex/m/n on input line 57.
\big@size=\dimen138
)
\c@part=\count179
\c@section=\count180
\c@subsection=\count181
\c@subsubsection=\count182
\c@paragraph=\count183
\c@subparagraph=\count184
\c@figure=\count185
\c@table=\count186
\abovecaptionskip=\skip47
\belowcaptionskip=\skip48
\bibindent=\dimen139
) (d:/alt program files/texlive/2021/texmf-dist/tex/latex/base/inputenc.sty
Package: inputenc 2020/08/01 v1.3d Input encoding file
\inpenc@prehook=\toks15
\inpenc@posthook=\toks16
) (d:/alt program files/texlive/2021/texmf-dist/tex/latex/cite/cite.sty
LaTeX Info: Redefining \cite on input line 302.
LaTeX Info: Redefining \nocite on input line 332.
Package: cite 2015/02/27  v 5.5
) (d:/alt program files/texlive/2021/texmf-dist/tex/latex/l3backend/l3backend-pdftex.def
File: l3backend-pdftex.def 2021-03-18 L3 backend support: PDF output (pdfTeX)
\l__color_backend_stack_int=\count187
\l__pdf_internal_box=\box47
) (./proposal.aux)
\openout1 = `proposal.aux'.

LaTeX Font Info:    Checking defaults for OML/cmm/m/it on input line 9.
LaTeX Font Info:    ... okay on input line 9.
LaTeX Font Info:    Checking defaults for OMS/cmsy/m/n on input line 9.
LaTeX Font Info:    ... okay on input line 9.
LaTeX Font Info:    Checking defaults for OT1/cmr/m/n on input line 9.
LaTeX Font Info:    ... okay on input line 9.
LaTeX Font Info:    Checking defaults for T1/cmr/m/n on input line 9.
LaTeX Font Info:    ... okay on input line 9.
LaTeX Font Info:    Checking defaults for TS1/cmr/m/n on input line 9.
LaTeX Font Info:    ... okay on input line 9.
LaTeX Font Info:    Checking defaults for OMX/cmex/m/n on input line 9.
LaTeX Font Info:    ... okay on input line 9.
LaTeX Font Info:    Checking defaults for U/cmr/m/n on input line 9.
LaTeX Font Info:    ... okay on input line 9.
LaTeX Font Info:    External font `cmex7' loaded for size
(Font)              <7> on input line 11.


LaTeX Warning: Citation `Linhart2014' on page 1 undefined on input line 13.


LaTeX Warning: Citation `Linhart2008' on page 1 undefined on input line 13.


LaTeX Warning: Citation `fractalwiki' on page 1 undefined on input line 15.


LaTeX Warning: Citation `higham1998handbook' undefined on input line 17.


Overfull \hbox (24.9874pt too wide) in paragraph at lines 17--18
[]\OT1/cmr/m/n/12 Proposed Guides: Dr./Mr./Ms Name of fac-ulty, Pro-fes-sor/Associate/Assistant
 []

No file proposal.bbl.
[1

{d:/alt program files/texlive/2021/texmf-var/fonts/map/pdftex/updmap/pdftex.map}] (./proposal.aux)

LaTeX Warning: There were undefined references.

 ) 
Here is how much of TeX's memory you used:
 547 strings out of 478994
 11154 string characters out of 5853120
 293537 words of memory out of 5000000
 18097 multiletter control sequences out of 15000+600000
 405698 words of font info for 35 fonts, out of 8000000 for 9000
 1141 hyphenation exceptions out of 8191
 53i,6n,60p,300b,189s stack positions out of 5000i,500n,10000p,200000b,80000s
<d:/alt program files/texlive/2021/texmf-dist/fonts/type1/public/amsfonts/cm/cmbx12.pfb><d:/alt program files/texlive/2021/texmf-dist/fonts/type1/public/amsfonts/cm/cmr12.pfb><d:/alt program files/texlive/2021/texmf-dist/fonts/type1/public/amsfonts/cm/cmr17.pfb>
Output written on proposal.pdf (1 page, 33868 bytes).
PDF statistics:
 20 PDF objects out of 1000 (max. 8388607)
 13 compressed objects within 1 object stream
 0 named destinations out of 1000 (max. 500000)
 1 words of extra memory for PDF output out of 10000 (max. 10000000)

