\BOOKMARK [0][-]{chapter.1}{Problem\0401:\040Merge\040Sort}{}% 1
\BOOKMARK [1][-]{section.1.1}{Possible\040Solutions}{chapter.1}% 2
\BOOKMARK [2][-]{subsection.1.1.1}{Problem\040analysis}{section.1.1}% 3
\BOOKMARK [2][-]{subsection.1.1.2}{Description\040of\040possible\040solution}{section.1.1}% 4
\BOOKMARK [1][-]{section.1.2}{My\040Solution}{chapter.1}% 5
\BOOKMARK [2][-]{subsection.1.2.1}{Buttom-up\040implementation}{section.1.2}% 6
\BOOKMARK [2][-]{subsection.1.2.2}{Stable\040\(n\)\040working\040memory}{section.1.2}% 7
\BOOKMARK [2][-]{subsection.1.2.3}{Faster\040input/output\040implementation}{section.1.2}% 8
\BOOKMARK [2][-]{subsection.1.2.4}{Source\040Code}{section.1.2}% 9
\BOOKMARK [1][-]{section.1.3}{Comparison\040with\040other\040methods}{chapter.1}% 10
\BOOKMARK [2][-]{subsection.1.3.1}{Advantages\040of\040buttom-up\040implementation}{section.1.3}% 11
\BOOKMARK [2][-]{subsection.1.3.2}{Advantages\040of\040stable\040\(n\)\040working\040memory}{section.1.3}% 12
\BOOKMARK [2][-]{subsection.1.3.3}{Advantages\040of\040faster\040input/output\040implementation}{section.1.3}% 13
\BOOKMARK [1][-]{section.1.4}{Test\040of\040my\040solution}{chapter.1}% 14
\BOOKMARK [1][-]{section.1.5}{Further\040Improvements}{chapter.1}% 15
\BOOKMARK [2][-]{subsection.1.5.1}{Merge\040sort\040with\040linked\040list}{section.1.5}% 16
\BOOKMARK [2][-]{subsection.1.5.2}{Wiki\040sort}{section.1.5}% 17
\BOOKMARK [0][-]{chapter.2}{Problem\0402:\040Prefix\040Expression}{}% 18
\BOOKMARK [1][-]{section.2.1}{Possible\040Solutions}{chapter.2}% 19
\BOOKMARK [2][-]{subsection.2.1.1}{Problem\040analysis}{section.2.1}% 20
\BOOKMARK [2][-]{subsection.2.1.2}{Description\040of\040possible\040solutions}{section.2.1}% 21
\BOOKMARK [1][-]{section.2.2}{My\040Solution}{chapter.2}% 22
\BOOKMARK [2][-]{subsection.2.2.1}{Source\040Code}{section.2.2}% 23
\BOOKMARK [1][-]{section.2.3}{Comparison\040with\040other\040methods}{chapter.2}% 24
\BOOKMARK [1][-]{section.2.4}{Test\040of\040my\040solution}{chapter.2}% 25
\BOOKMARK [1][-]{section.2.5}{Further\040Improvements}{chapter.2}% 26
\BOOKMARK [2][-]{subsection.2.5.1}{Faster\040input/output\(IO\)}{section.2.5}% 27
